<?xml version="1.0" encoding="UTF-8"?>
<!-- Generated by org.testng.reporters.JUnitReportReporter -->
<testsuite skipped="0" hostname="Action" name="com.learnAutomation.textCase.LoginTestCRM" tests="1" failures="0" timestamp="26 Feb 2019 17:23:02 GMT" time="43.877" errors="0">
  <testcase name="loginApp" time="43.877" classname="com.learnAutomation.textCase.LoginTestCRM"/>
</testsuite> <!-- com.learnAutomation.textCase.LoginTestCRM -->
